<?xml version="1.0" encoding="UTF-8"?>
<!-- Generated by org.testng.reporters.JUnitXMLReporter -->
<testsuite hostname="Vinutha-PC" ignored="0" name="Test" tests="3" failures="0" timestamp="2020-08-26T20:37:50 IST" time="101.081" errors="0">
  <testcase name="searchmob" time="28.935" classname="testscripts.searchmobile"/>
  <testcase name="fileupd" time="10.339" classname="testscripts.alertpop"/>
  <testcase name="fileupd" time="9.953" classname="testscripts.fileupload"/>
</testsuite> <!-- Test -->
